<?xml version="1.0" encoding="UTF-8"?>
<!-- Generated by org.testng.reporters.JUnitXMLReporter -->
<testsuite ignored="2" hostname="GENTLEMAN" failures="0" tests="10" name="Default test" time="11.17" errors="0" timestamp="2026-09-22T18:19:10 IST">
  <testcase classname="package1.ContactTest" name="runContactTest" time="8.657"/>
  <testcase classname="package1.ContactTest" name="runContactTest" time="8.706"/>
  <testcase classname="package1.ContactTest" name="runContactTest" time="9.052"/>
  <testcase classname="package1.ContactTest" name="runContactTest" time="9.054"/>
  <testcase classname="package1.ContactTest" name="runContactTest" time="9.069"/>
  <testcase classname="package1.ContactTest" name="runContactTest" time="9.115"/>
  <testcase classname="package1.ContactTest" name="runContactTest" time="9.4"/>
  <testcase classname="package1.ContactTest" name="runContactTest" time="9.413"/>
  <testcase classname="package1.ContactTest" name="runContactTest" time="9.912"/>
  <testcase classname="package1.ContactTest" name="runContactTest" time="11.129"/>
  <testcase classname="package1.ContactTest" name="createContactTest" time="0.0">
    <ignored/>
  </testcase> <!-- createContactTest -->
  <testcase classname="package1.ContactTest" name="modifyContactTest" time="0.0">
    <ignored/>
  </testcase> <!-- modifyContactTest -->
</testsuite> <!-- Default test -->
