<?xml version="1.0" encoding="UTF-8"?>
<testng-results ignored="2" total="12" passed="10" failed="0" skipped="0">
  <reporter-output>
  </reporter-output>
  <suite started-at="2026-09-22T18:18:59 IST" name="Default suite" finished-at="2026-09-22T18:19:10 IST" duration-ms="11170">
    <groups>
    </groups>
    <test started-at="2026-09-22T18:18:59 IST" name="Default test" finished-at="2026-09-22T18:19:10 IST" duration-ms="11170">
      <class name="package1.ContactTest">
        <test-method signature="runContactTest()[pri:0, instance:package1.ContactTest@35ef1869]" started-at="2026-09-22T18:18:59 IST" name="runContactTest" finished-at="2026-09-22T18:19:09 IST" duration-ms="9912" status="PASS">
          <reporter-output>
          </reporter-output>
        </test-method> <!-- runContactTest -->
        <test-method signature="runContactTest()[pri:0, instance:package1.ContactTest@35ef1869]" started-at="2026-09-22T18:18:59 IST" name="runContactTest" finished-at="2026-09-22T18:19:08 IST" duration-ms="9054" status="PASS">
          <reporter-output>
          </reporter-output>
        </test-method> <!-- runContactTest -->
        <test-method signature="runContactTest()[pri:0, instance:package1.ContactTest@35ef1869]" started-at="2026-09-22T18:18:59 IST" name="runContactTest" finished-at="2026-09-22T18:19:10 IST" duration-ms="11129" status="PASS">
          <reporter-output>
          </reporter-output>
        </test-method> <!-- runContactTest -->
        <test-method signature="runContactTest()[pri:0, instance:package1.ContactTest@35ef1869]" started-at="2026-09-22T18:18:59 IST" name="runContactTest" finished-at="2026-09-22T18:19:08 IST" duration-ms="9115" status="PASS">
          <reporter-output>
          </reporter-output>
        </test-method> <!-- runContactTest -->
        <test-method signature="runContactTest()[pri:0, instance:package1.ContactTest@35ef1869]" started-at="2026-09-22T18:18:59 IST" name="runContactTest" finished-at="2026-09-22T18:19:08 IST" duration-ms="9413" status="PASS">
          <reporter-output>
          </reporter-output>
        </test-method> <!-- runContactTest -->
        <test-method signature="runContactTest()[pri:0, instance:package1.ContactTest@35ef1869]" started-at="2026-09-22T18:18:59 IST" name="runContactTest" finished-at="2026-09-22T18:19:08 IST" duration-ms="9400" status="PASS">
          <reporter-output>
          </reporter-output>
        </test-method> <!-- runContactTest -->
        <test-method signature="runContactTest()[pri:0, instance:package1.ContactTest@35ef1869]" started-at="2026-09-22T18:18:59 IST" name="runContactTest" finished-at="2026-09-22T18:19:08 IST" duration-ms="9052" status="PASS">
          <reporter-output>
          </reporter-output>
        </test-method> <!-- runContactTest -->
        <test-method signature="runContactTest()[pri:0, instance:package1.ContactTest@35ef1869]" started-at="2026-09-22T18:18:59 IST" name="runContactTest" finished-at="2026-09-22T18:19:08 IST" duration-ms="8657" status="PASS">
          <reporter-output>
          </reporter-output>
        </test-method> <!-- runContactTest -->
        <test-method signature="runContactTest()[pri:0, instance:package1.ContactTest@35ef1869]" started-at="2026-09-22T18:18:59 IST" name="runContactTest" finished-at="2026-09-22T18:19:08 IST" duration-ms="9069" status="PASS">
          <reporter-output>
          </reporter-output>
        </test-method> <!-- runContactTest -->
        <test-method signature="runContactTest()[pri:0, instance:package1.ContactTest@35ef1869]" started-at="2026-09-22T18:18:59 IST" name="runContactTest" finished-at="2026-09-22T18:19:08 IST" duration-ms="8706" status="PASS">
          <reporter-output>
          </reporter-output>
        </test-method> <!-- runContactTest -->
      </class> <!-- package1.ContactTest -->
    </test> <!-- Default test -->
  </suite> <!-- Default suite -->
</testng-results>
