<?xml version="1.0" encoding="UTF-8"?>
<testng-results ignored="0" total="2" passed="2" failed="0" skipped="0">
  <reporter-output>
  </reporter-output>
  <suite started-at="2026-09-22T16:56:33 IST" name="Suite" finished-at="2026-09-22T16:56:33 IST" duration-ms="66">
    <groups>
    </groups>
    <test started-at="2026-09-22T16:56:33 IST" name="Test" finished-at="2026-09-22T16:56:33 IST" duration-ms="66">
      <class name="package2.OrgTest">
        <test-method signature="createOrgTest()[pri:0, instance:package2.OrgTest@3daa422a]" started-at="2026-09-22T16:56:33 IST" name="createOrgTest" finished-at="2026-09-22T16:56:33 IST" duration-ms="10" status="PASS">
          <reporter-output>
          </reporter-output>
        </test-method> <!-- createOrgTest -->
        <test-method signature="modifyOrgTest()[pri:0, instance:package2.OrgTest@3daa422a]" started-at="2026-09-22T16:56:33 IST" name="modifyOrgTest" finished-at="2026-09-22T16:56:33 IST" duration-ms="2" status="PASS">
          <reporter-output>
          </reporter-output>
        </test-method> <!-- modifyOrgTest -->
      </class> <!-- package2.OrgTest -->
    </test> <!-- Test -->
  </suite> <!-- Suite -->
</testng-results>
