<?xml version="1.0" encoding="UTF-8"?>
<!-- Generated by org.testng.reporters.JUnitReportReporter -->
<testsuite hostname="GENTLEMAN" failures="0" tests="10" name="package1.ContactTest" time="93.507" errors="0" timestamp="2026-09-22T18:19:10 IST" skipped="0">
  <testcase classname="package1.ContactTest" name="runContactTest" time="9.400"/>
  <testcase classname="package1.ContactTest" name="runContactTest" time="8.706"/>
  <testcase classname="package1.ContactTest" name="runContactTest" time="9.912"/>
  <testcase classname="package1.ContactTest" name="runContactTest" time="9.054"/>
  <testcase classname="package1.ContactTest" name="runContactTest" time="11.129"/>
  <testcase classname="package1.ContactTest" name="runContactTest" time="9.115"/>
  <testcase classname="package1.ContactTest" name="runContactTest" time="9.052"/>
  <testcase classname="package1.ContactTest" name="runContactTest" time="8.657"/>
  <testcase classname="package1.ContactTest" name="runContactTest" time="9.069"/>
  <testcase classname="package1.ContactTest" name="runContactTest" time="9.413"/>
</testsuite> <!-- package1.ContactTest -->
